{
  "stats": {
    "suites": 7,
    "tests": 0,
    "passes": 0,
    "pending": 0,
    "failures": 0,
    "start": "2019-11-27T04:40:16.176Z",
    "end": "2019-11-27T04:40:30.295Z",
    "duration": 14119,
    "testsRegistered": 26,
    "passPercent": 0,
    "pendingPercent": 0,
    "other": 14,
    "hasOther": true,
    "skipped": 26,
    "hasSkipped": true
  },
  "results": [
    {
      "uuid": "a6617781-1e19-4ec4-bd6d-910698d6efca",
      "title": "",
      "fullFile": "",
      "file": "",
      "beforeHooks": [],
      "afterHooks": [
        {
          "title": "\"after each\" hook: ret",
          "fullTitle": "\"after each\" hook: ret",
          "timedOut": false,
          "duration": 0,
          "state": null,
          "speed": null,
          "pass": false,
          "fail": false,
          "pending": false,
          "context": null,
          "code": "if (hooks.afterEach) { \n  return hooks.afterEach();\n}",
          "err": {},
          "uuid": "90b4a364-32ad-48d8-ae6e-41b9a0163bac",
          "parentUUID": "a6617781-1e19-4ec4-bd6d-910698d6efca",
          "isHook": true,
          "skipped": false
        }
      ],
      "tests": [],
      "suites": [
        {
          "uuid": "80d3389b-24e9-49a4-a89c-62b73dfee26c",
          "title": "Administration",
          "fullFile": "C:\\Users\\mannirwa\\Desktop\\clean\\final-jhipster\\ui\\src\\test\\javascript\\e2e\\modules\\administration\\administration.spec.ts",
          "file": "\\src\\test\\javascript\\e2e\\modules\\administration\\administration.spec.ts",
          "beforeHooks": [
            {
              "title": "\"before all\" hook: ret for \"should load user management\"",
              "fullTitle": "Administration \"before all\" hook: ret for \"should load user management\"",
              "timedOut": true,
              "duration": 2001,
              "state": "failed",
              "speed": null,
              "pass": false,
              "fail": true,
              "pending": false,
              "context": null,
              "code": "tslib_1.__awaiter(this, void 0, void 0, function* () {\n        yield protractor_1.browser.get('/');\n        navBarPage = new navbar_page_1.default();\n        signInPage = yield navBarPage.getSignInPage();\n        yield signInPage.waitUntilDisplayed();\n        yield signInPage.username.sendKeys('admin');\n        yield signInPage.password.sendKeys('admin');\n        yield signInPage.loginButton.click();\n        yield signInPage.waitUntilHidden();\n        yield utils_1.waitUntilDisplayed(navBarPage.adminMenu);\n    })",
              "err": {
                "message": "Error: Timeout of 2000ms exceeded. For async tests and hooks, ensure \"done()\" is called; if returning a Promise, ensure it resolves. (C:\\Users\\mannirwa\\Desktop\\clean\\final-jhipster\\ui\\src\\test\\javascript\\e2e\\modules\\administration\\administration.spec.ts)",
                "estack": "Error: Timeout of 2000ms exceeded. For async tests and hooks, ensure \"done()\" is called; if returning a Promise, ensure it resolves. (C:\\Users\\mannirwa\\Desktop\\clean\\final-jhipster\\ui\\src\\test\\javascript\\e2e\\modules\\administration\\administration.spec.ts)",
                "diff": null
              },
              "uuid": "86d7ade3-c885-4244-af11-217738c3a277",
              "parentUUID": "80d3389b-24e9-49a4-a89c-62b73dfee26c",
              "isHook": true,
              "skipped": false
            }
          ],
          "afterHooks": [
            {
              "title": "\"after all\" hook: ret for \"should load logs\"",
              "fullTitle": "Administration \"after all\" hook: ret for \"should load logs\"",
              "timedOut": false,
              "duration": 1,
              "state": "failed",
              "speed": null,
              "pass": false,
              "fail": true,
              "pending": false,
              "context": null,
              "code": "tslib_1.__awaiter(this, void 0, void 0, function* () {\n        yield navBarPage.autoSignOut();\n    })",
              "err": {
                "message": "TypeError: Cannot read property 'autoSignOut' of undefined",
                "estack": "TypeError: Cannot read property 'autoSignOut' of undefined\n    at Object.<anonymous> (src\\test\\javascript\\e2e\\modules\\administration\\administration.spec.ts:50:26)\n    at Generator.next (<anonymous>)\n    at C:\\Users\\mannirwa\\Desktop\\clean\\final-jhipster\\ui\\node_modules\\tslib\\tslib.js:107:75\n    at new Promise (<anonymous>)\n    at Object.__awaiter (node_modules\\tslib\\tslib.js:103:16)\n    at Context.after (src\\test\\javascript\\e2e\\modules\\administration\\administration.spec.ts:49:25)\n    at runTest (node_modules\\selenium-webdriver\\testing\\index.js:163:22)\n    at new Promise (<anonymous>)\n    at Context.ret (node_modules\\selenium-webdriver\\testing\\index.js:171:7)",
                "diff": null
              },
              "uuid": "ebb7b8d7-45bd-4d20-b6b4-14759f6b2a28",
              "parentUUID": "80d3389b-24e9-49a4-a89c-62b73dfee26c",
              "isHook": true,
              "skipped": false
            }
          ],
          "tests": [
            {
              "title": "should load user management",
              "fullTitle": "Administration should load user management",
              "timedOut": false,
              "duration": 0,
              "state": null,
              "speed": null,
              "pass": false,
              "fail": false,
              "pending": false,
              "context": null,
              "code": "tslib_1.__awaiter(this, void 0, void 0, function* () {\n        yield navBarPage.clickOnAdminMenuItem('user-management');\n        const heading = protractor_1.element(protractor_1.by.id('user-management-page-heading'));\n        yield utils_1.waitUntilDisplayed(heading);\n        // Title should be equal to 'Users'\n        expect(yield heading.isPresent()).to.be.true;\n    })",
              "err": {},
              "uuid": "d4e1389e-5e13-41a1-9062-ae856e3473ea",
              "parentUUID": "80d3389b-24e9-49a4-a89c-62b73dfee26c",
              "isHook": false,
              "skipped": true
            },
            {
              "title": "should load metrics",
              "fullTitle": "Administration should load metrics",
              "timedOut": false,
              "duration": 0,
              "state": null,
              "speed": null,
              "pass": false,
              "fail": false,
              "pending": false,
              "context": null,
              "code": "tslib_1.__awaiter(this, void 0, void 0, function* () {\n        yield navBarPage.clickOnAdminMenuItem('metrics');\n        expect(yield protractor_1.element(protractor_1.by.id('metrics-page-heading')).getText()).to.eq('Application Metrics');\n    })",
              "err": {},
              "uuid": "154db8a1-3901-4caf-b68b-8cd3385d13c1",
              "parentUUID": "80d3389b-24e9-49a4-a89c-62b73dfee26c",
              "isHook": false,
              "skipped": true
            },
            {
              "title": "should load health",
              "fullTitle": "Administration should load health",
              "timedOut": false,
              "duration": 0,
              "state": null,
              "speed": null,
              "pass": false,
              "fail": false,
              "pending": false,
              "context": null,
              "code": "tslib_1.__awaiter(this, void 0, void 0, function* () {\n        yield navBarPage.clickOnAdminMenuItem('health');\n        expect(yield protractor_1.element(protractor_1.by.id('health-page-heading')).getText()).to.eq('Health Checks');\n    })",
              "err": {},
              "uuid": "3591749a-55b1-4025-b564-770ee02b8556",
              "parentUUID": "80d3389b-24e9-49a4-a89c-62b73dfee26c",
              "isHook": false,
              "skipped": true
            },
            {
              "title": "should load configuration",
              "fullTitle": "Administration should load configuration",
              "timedOut": false,
              "duration": 0,
              "state": null,
              "speed": null,
              "pass": false,
              "fail": false,
              "pending": false,
              "context": null,
              "code": "tslib_1.__awaiter(this, void 0, void 0, function* () {\n        yield navBarPage.clickOnAdminMenuItem('configuration');\n        expect(yield protractor_1.element(protractor_1.by.id('configuration-page-heading')).getText()).to.eq('Configuration');\n    })",
              "err": {},
              "uuid": "1ab373e7-b23e-4a86-aebd-35108d32d3d0",
              "parentUUID": "80d3389b-24e9-49a4-a89c-62b73dfee26c",
              "isHook": false,
              "skipped": true
            },
            {
              "title": "should load audits",
              "fullTitle": "Administration should load audits",
              "timedOut": false,
              "duration": 0,
              "state": null,
              "speed": null,
              "pass": false,
              "fail": false,
              "pending": false,
              "context": null,
              "code": "tslib_1.__awaiter(this, void 0, void 0, function* () {\n        yield navBarPage.clickOnAdminMenuItem('audits');\n        expect(yield protractor_1.element(protractor_1.by.id('audits-page-heading')).getText()).to.eq('Audits');\n    })",
              "err": {},
              "uuid": "1cb72568-136f-4c03-ba9b-9c377223b4a6",
              "parentUUID": "80d3389b-24e9-49a4-a89c-62b73dfee26c",
              "isHook": false,
              "skipped": true
            },
            {
              "title": "should load logs",
              "fullTitle": "Administration should load logs",
              "timedOut": false,
              "duration": 0,
              "state": null,
              "speed": null,
              "pass": false,
              "fail": false,
              "pending": false,
              "context": null,
              "code": "tslib_1.__awaiter(this, void 0, void 0, function* () {\n        yield navBarPage.clickOnAdminMenuItem('logs');\n        expect(yield protractor_1.element(protractor_1.by.id('logs-page-heading')).getText()).to.eq('Logs');\n    })",
              "err": {},
              "uuid": "319d94ac-68b6-4d54-8100-5589353d9ac6",
              "parentUUID": "80d3389b-24e9-49a4-a89c-62b73dfee26c",
              "isHook": false,
              "skipped": true
            }
          ],
          "suites": [],
          "passes": [],
          "failures": [],
          "pending": [],
          "skipped": [
            "d4e1389e-5e13-41a1-9062-ae856e3473ea",
            "154db8a1-3901-4caf-b68b-8cd3385d13c1",
            "3591749a-55b1-4025-b564-770ee02b8556",
            "1ab373e7-b23e-4a86-aebd-35108d32d3d0",
            "1cb72568-136f-4c03-ba9b-9c377223b4a6",
            "319d94ac-68b6-4d54-8100-5589353d9ac6"
          ],
          "duration": 0,
          "root": false,
          "rootEmpty": false,
          "_timeout": 2000
        },
        {
          "uuid": "4a044fd6-0fd6-4161-a452-f0e48b5e436f",
          "title": "MeetingRoom e2e test",
          "fullFile": "C:\\Users\\mannirwa\\Desktop\\clean\\final-jhipster\\ui\\src\\test\\javascript\\e2e\\entities\\meeting\\meeting-room\\meeting-room.spec.ts",
          "file": "\\src\\test\\javascript\\e2e\\entities\\meeting\\meeting-room\\meeting-room.spec.ts",
          "beforeHooks": [
            {
              "title": "\"before all\" hook: ret for \"should load MeetingRooms\"",
              "fullTitle": "MeetingRoom e2e test \"before all\" hook: ret for \"should load MeetingRooms\"",
              "timedOut": true,
              "duration": 2001,
              "state": "failed",
              "speed": null,
              "pass": false,
              "fail": true,
              "pending": false,
              "context": null,
              "code": "tslib_1.__awaiter(this, void 0, void 0, function* () {\n        yield protractor_1.browser.get('/');\n        navBarPage = new navbar_page_1.default();\n        signInPage = yield navBarPage.getSignInPage();\n        yield signInPage.waitUntilDisplayed();\n        yield signInPage.username.sendKeys('admin');\n        yield signInPage.password.sendKeys('admin');\n        yield signInPage.loginButton.click();\n        yield signInPage.waitUntilHidden();\n        yield utils_1.waitUntilDisplayed(navBarPage.entityMenu);\n    })",
              "err": {
                "message": "Error: Timeout of 2000ms exceeded. For async tests and hooks, ensure \"done()\" is called; if returning a Promise, ensure it resolves. (C:\\Users\\mannirwa\\Desktop\\clean\\final-jhipster\\ui\\src\\test\\javascript\\e2e\\entities\\meeting\\meeting-room\\meeting-room.spec.ts)",
                "estack": "Error: Timeout of 2000ms exceeded. For async tests and hooks, ensure \"done()\" is called; if returning a Promise, ensure it resolves. (C:\\Users\\mannirwa\\Desktop\\clean\\final-jhipster\\ui\\src\\test\\javascript\\e2e\\entities\\meeting\\meeting-room\\meeting-room.spec.ts)",
                "diff": null
              },
              "uuid": "b3bf5ef0-fba8-43f4-97a8-12b8a6b8ed14",
              "parentUUID": "4a044fd6-0fd6-4161-a452-f0e48b5e436f",
              "isHook": true,
              "skipped": false
            }
          ],
          "afterHooks": [
            {
              "title": "\"after all\" hook: ret for \"should delete last MeetingRoom\"",
              "fullTitle": "MeetingRoom e2e test \"after all\" hook: ret for \"should delete last MeetingRoom\"",
              "timedOut": false,
              "duration": 0,
              "state": "failed",
              "speed": null,
              "pass": false,
              "fail": true,
              "pending": false,
              "context": null,
              "code": "tslib_1.__awaiter(this, void 0, void 0, function* () {\n        yield navBarPage.autoSignOut();\n    })",
              "err": {
                "message": "TypeError: Cannot read property 'autoSignOut' of undefined",
                "estack": "TypeError: Cannot read property 'autoSignOut' of undefined\n    at Object.<anonymous> (src\\test\\javascript\\e2e\\entities\\meeting\\meeting-room\\meeting-room.spec.ts:74:26)\n    at Generator.next (<anonymous>)\n    at C:\\Users\\mannirwa\\Desktop\\clean\\final-jhipster\\ui\\node_modules\\tslib\\tslib.js:107:75\n    at new Promise (<anonymous>)\n    at Object.__awaiter (node_modules\\tslib\\tslib.js:103:16)\n    at Context.after (src\\test\\javascript\\e2e\\entities\\meeting\\meeting-room\\meeting-room.spec.ts:73:25)\n    at runTest (node_modules\\selenium-webdriver\\testing\\index.js:163:22)\n    at new Promise (<anonymous>)\n    at Context.ret (node_modules\\selenium-webdriver\\testing\\index.js:171:7)",
                "diff": null
              },
              "uuid": "cff3da46-e4df-4b97-8554-0d334a45b46c",
              "parentUUID": "4a044fd6-0fd6-4161-a452-f0e48b5e436f",
              "isHook": true,
              "skipped": false
            }
          ],
          "tests": [
            {
              "title": "should load MeetingRooms",
              "fullTitle": "MeetingRoom e2e test should load MeetingRooms",
              "timedOut": false,
              "duration": 0,
              "state": null,
              "speed": null,
              "pass": false,
              "fail": false,
              "pending": false,
              "context": null,
              "code": "tslib_1.__awaiter(this, void 0, void 0, function* () {\n        yield navBarPage.getEntityPage('meeting-room');\n        meetingRoomComponentsPage = new meeting_room_page_object_1.default();\n        expect(yield meetingRoomComponentsPage.getTitle().getText()).to.match(/Meeting Rooms/);\n    })",
              "err": {},
              "uuid": "e63d6c0a-08d8-4bc4-b339-fe7523395489",
              "parentUUID": "4a044fd6-0fd6-4161-a452-f0e48b5e436f",
              "isHook": false,
              "skipped": true
            },
            {
              "title": "should load create MeetingRoom page",
              "fullTitle": "MeetingRoom e2e test should load create MeetingRoom page",
              "timedOut": false,
              "duration": 0,
              "state": null,
              "speed": null,
              "pass": false,
              "fail": false,
              "pending": false,
              "context": null,
              "code": "tslib_1.__awaiter(this, void 0, void 0, function* () {\n        yield meetingRoomComponentsPage.clickOnCreateButton();\n        meetingRoomUpdatePage = new meeting_room_update_page_object_1.default();\n        expect(yield meetingRoomUpdatePage.getPageTitle().getAttribute('id')).to.match(/uiApp.meetingMeetingRoom.home.createOrEditLabel/);\n        yield meetingRoomUpdatePage.cancel();\n    })",
              "err": {},
              "uuid": "46bd811b-5281-4356-b566-15fb0738975c",
              "parentUUID": "4a044fd6-0fd6-4161-a452-f0e48b5e436f",
              "isHook": false,
              "skipped": true
            },
            {
              "title": "should create and save MeetingRooms",
              "fullTitle": "MeetingRoom e2e test should create and save MeetingRooms",
              "timedOut": false,
              "duration": 0,
              "state": null,
              "speed": null,
              "pass": false,
              "fail": false,
              "pending": false,
              "context": null,
              "code": "tslib_1.__awaiter(this, void 0, void 0, function* () {\n        function createMeetingRoom() {\n            return tslib_1.__awaiter(this, void 0, void 0, function* () {\n                yield meetingRoomComponentsPage.clickOnCreateButton();\n                yield meetingRoomUpdatePage.setCodeInput('code');\n                expect(yield meetingRoomUpdatePage.getCodeInput()).to.match(/code/);\n                yield meetingRoomUpdatePage.setLocationInput('location');\n                expect(yield meetingRoomUpdatePage.getLocationInput()).to.match(/location/);\n                yield meetingRoomUpdatePage.setNameInput('name');\n                expect(yield meetingRoomUpdatePage.getNameInput()).to.match(/name/);\n                yield utils_1.waitUntilDisplayed(meetingRoomUpdatePage.getSaveButton());\n                yield meetingRoomUpdatePage.save();\n                yield utils_1.waitUntilHidden(meetingRoomUpdatePage.getSaveButton());\n                expect(yield meetingRoomUpdatePage.getSaveButton().isPresent()).to.be.false;\n            });\n        }\n        yield createMeetingRoom();\n        yield meetingRoomComponentsPage.waitUntilLoaded();\n        const nbButtonsBeforeCreate = yield meetingRoomComponentsPage.countDeleteButtons();\n        yield createMeetingRoom();\n        yield meetingRoomComponentsPage.waitUntilDeleteButtonsLength(nbButtonsBeforeCreate + 1);\n        expect(yield meetingRoomComponentsPage.countDeleteButtons()).to.eq(nbButtonsBeforeCreate + 1);\n    })",
              "err": {},
              "uuid": "ccc311e4-284e-4076-99f8-6c7707d58746",
              "parentUUID": "4a044fd6-0fd6-4161-a452-f0e48b5e436f",
              "isHook": false,
              "skipped": true
            },
            {
              "title": "should delete last MeetingRoom",
              "fullTitle": "MeetingRoom e2e test should delete last MeetingRoom",
              "timedOut": false,
              "duration": 0,
              "state": null,
              "speed": null,
              "pass": false,
              "fail": false,
              "pending": false,
              "context": null,
              "code": "tslib_1.__awaiter(this, void 0, void 0, function* () {\n        yield meetingRoomComponentsPage.waitUntilLoaded();\n        const nbButtonsBeforeDelete = yield meetingRoomComponentsPage.countDeleteButtons();\n        yield meetingRoomComponentsPage.clickOnLastDeleteButton();\n        const deleteModal = protractor_1.element(protractor_1.by.className('modal'));\n        yield utils_1.waitUntilDisplayed(deleteModal);\n        meetingRoomDeleteDialog = new meeting_room_page_object_1.MeetingRoomDeleteDialog();\n        expect(yield meetingRoomDeleteDialog.getDialogTitle().getAttribute('id')).to.match(/uiApp.meetingMeetingRoom.delete.question/);\n        yield meetingRoomDeleteDialog.clickOnConfirmButton();\n        yield meetingRoomComponentsPage.waitUntilDeleteButtonsLength(nbButtonsBeforeDelete - 1);\n        expect(yield meetingRoomComponentsPage.countDeleteButtons()).to.eq(nbButtonsBeforeDelete - 1);\n    })",
              "err": {},
              "uuid": "9759a960-b86c-4faa-bb47-b92b718f401a",
              "parentUUID": "4a044fd6-0fd6-4161-a452-f0e48b5e436f",
              "isHook": false,
              "skipped": true
            }
          ],
          "suites": [],
          "passes": [],
          "failures": [],
          "pending": [],
          "skipped": [
            "e63d6c0a-08d8-4bc4-b339-fe7523395489",
            "46bd811b-5281-4356-b566-15fb0738975c",
            "ccc311e4-284e-4076-99f8-6c7707d58746",
            "9759a960-b86c-4faa-bb47-b92b718f401a"
          ],
          "duration": 0,
          "root": false,
          "rootEmpty": false,
          "_timeout": 2000
        },
        {
          "uuid": "943e1fa2-e33a-45ac-9c48-d0b9a6c88c10",
          "title": "Meeting e2e test",
          "fullFile": "C:\\Users\\mannirwa\\Desktop\\clean\\final-jhipster\\ui\\src\\test\\javascript\\e2e\\entities\\meeting\\meeting\\meeting.spec.ts",
          "file": "\\src\\test\\javascript\\e2e\\entities\\meeting\\meeting\\meeting.spec.ts",
          "beforeHooks": [
            {
              "title": "\"before all\" hook: ret for \"should load Meetings\"",
              "fullTitle": "Meeting e2e test \"before all\" hook: ret for \"should load Meetings\"",
              "timedOut": true,
              "duration": 2003,
              "state": "failed",
              "speed": null,
              "pass": false,
              "fail": true,
              "pending": false,
              "context": null,
              "code": "tslib_1.__awaiter(this, void 0, void 0, function* () {\n        yield protractor_1.browser.get('/');\n        navBarPage = new navbar_page_1.default();\n        signInPage = yield navBarPage.getSignInPage();\n        yield signInPage.waitUntilDisplayed();\n        yield signInPage.username.sendKeys('admin');\n        yield signInPage.password.sendKeys('admin');\n        yield signInPage.loginButton.click();\n        yield signInPage.waitUntilHidden();\n        yield utils_1.waitUntilDisplayed(navBarPage.entityMenu);\n    })",
              "err": {
                "message": "Error: Timeout of 2000ms exceeded. For async tests and hooks, ensure \"done()\" is called; if returning a Promise, ensure it resolves. (C:\\Users\\mannirwa\\Desktop\\clean\\final-jhipster\\ui\\src\\test\\javascript\\e2e\\entities\\meeting\\meeting\\meeting.spec.ts)",
                "estack": "Error: Timeout of 2000ms exceeded. For async tests and hooks, ensure \"done()\" is called; if returning a Promise, ensure it resolves. (C:\\Users\\mannirwa\\Desktop\\clean\\final-jhipster\\ui\\src\\test\\javascript\\e2e\\entities\\meeting\\meeting\\meeting.spec.ts)",
                "diff": null
              },
              "uuid": "2e702cf6-baca-438c-9258-3cb051d5b9cf",
              "parentUUID": "943e1fa2-e33a-45ac-9c48-d0b9a6c88c10",
              "isHook": true,
              "skipped": false
            }
          ],
          "afterHooks": [
            {
              "title": "\"after all\" hook: ret for \"should load create Meeting page\"",
              "fullTitle": "Meeting e2e test \"after all\" hook: ret for \"should load create Meeting page\"",
              "timedOut": false,
              "duration": 1,
              "state": "failed",
              "speed": null,
              "pass": false,
              "fail": true,
              "pending": false,
              "context": null,
              "code": "tslib_1.__awaiter(this, void 0, void 0, function* () {\n        yield navBarPage.autoSignOut();\n    })",
              "err": {
                "message": "TypeError: Cannot read property 'autoSignOut' of undefined",
                "estack": "TypeError: Cannot read property 'autoSignOut' of undefined\n    at Object.<anonymous> (src\\test\\javascript\\e2e\\entities\\meeting\\meeting\\meeting.spec.ts:81:26)\n    at Generator.next (<anonymous>)\n    at C:\\Users\\mannirwa\\Desktop\\clean\\final-jhipster\\ui\\node_modules\\tslib\\tslib.js:107:75\n    at new Promise (<anonymous>)\n    at Object.__awaiter (node_modules\\tslib\\tslib.js:103:16)\n    at Context.after (src\\test\\javascript\\e2e\\entities\\meeting\\meeting\\meeting.spec.ts:80:25)\n    at runTest (node_modules\\selenium-webdriver\\testing\\index.js:163:22)\n    at new Promise (<anonymous>)\n    at Context.ret (node_modules\\selenium-webdriver\\testing\\index.js:171:7)",
                "diff": null
              },
              "uuid": "3c059ed7-0589-4ecd-9985-189d96f998a4",
              "parentUUID": "943e1fa2-e33a-45ac-9c48-d0b9a6c88c10",
              "isHook": true,
              "skipped": false
            }
          ],
          "tests": [
            {
              "title": "should load Meetings",
              "fullTitle": "Meeting e2e test should load Meetings",
              "timedOut": false,
              "duration": 0,
              "state": null,
              "speed": null,
              "pass": false,
              "fail": false,
              "pending": false,
              "context": null,
              "code": "tslib_1.__awaiter(this, void 0, void 0, function* () {\n        yield navBarPage.getEntityPage('meeting');\n        meetingComponentsPage = new meeting_page_object_1.default();\n        expect(yield meetingComponentsPage.getTitle().getText()).to.match(/Meetings/);\n    })",
              "err": {},
              "uuid": "c70a035c-337c-4749-9a02-3ab65fd28ec7",
              "parentUUID": "943e1fa2-e33a-45ac-9c48-d0b9a6c88c10",
              "isHook": false,
              "skipped": true
            },
            {
              "title": "should load create Meeting page",
              "fullTitle": "Meeting e2e test should load create Meeting page",
              "timedOut": false,
              "duration": 0,
              "state": null,
              "speed": null,
              "pass": false,
              "fail": false,
              "pending": false,
              "context": null,
              "code": "tslib_1.__awaiter(this, void 0, void 0, function* () {\n        yield meetingComponentsPage.clickOnCreateButton();\n        meetingUpdatePage = new meeting_update_page_object_1.default();\n        expect(yield meetingUpdatePage.getPageTitle().getAttribute('id')).to.match(/uiApp.meetingMeeting.home.createOrEditLabel/);\n        yield meetingUpdatePage.cancel();\n    })",
              "err": {},
              "uuid": "f6f4f636-624f-48d3-8446-0f7b847324e7",
              "parentUUID": "943e1fa2-e33a-45ac-9c48-d0b9a6c88c10",
              "isHook": false,
              "skipped": true
            }
          ],
          "suites": [],
          "passes": [],
          "failures": [],
          "pending": [],
          "skipped": [
            "c70a035c-337c-4749-9a02-3ab65fd28ec7",
            "f6f4f636-624f-48d3-8446-0f7b847324e7"
          ],
          "duration": 0,
          "root": false,
          "rootEmpty": false,
          "_timeout": 2000
        },
        {
          "uuid": "da3bac50-d1e3-44d8-9d6b-6e9d3fb99914",
          "title": "Participant e2e test",
          "fullFile": "C:\\Users\\mannirwa\\Desktop\\clean\\final-jhipster\\ui\\src\\test\\javascript\\e2e\\entities\\meeting\\participant\\participant.spec.ts",
          "file": "\\src\\test\\javascript\\e2e\\entities\\meeting\\participant\\participant.spec.ts",
          "beforeHooks": [
            {
              "title": "\"before all\" hook: ret for \"should load Participants\"",
              "fullTitle": "Participant e2e test \"before all\" hook: ret for \"should load Participants\"",
              "timedOut": true,
              "duration": 2001,
              "state": "failed",
              "speed": null,
              "pass": false,
              "fail": true,
              "pending": false,
              "context": null,
              "code": "tslib_1.__awaiter(this, void 0, void 0, function* () {\n        yield protractor_1.browser.get('/');\n        navBarPage = new navbar_page_1.default();\n        signInPage = yield navBarPage.getSignInPage();\n        yield signInPage.waitUntilDisplayed();\n        yield signInPage.username.sendKeys('admin');\n        yield signInPage.password.sendKeys('admin');\n        yield signInPage.loginButton.click();\n        yield signInPage.waitUntilHidden();\n        yield utils_1.waitUntilDisplayed(navBarPage.entityMenu);\n    })",
              "err": {
                "message": "Error: Timeout of 2000ms exceeded. For async tests and hooks, ensure \"done()\" is called; if returning a Promise, ensure it resolves. (C:\\Users\\mannirwa\\Desktop\\clean\\final-jhipster\\ui\\src\\test\\javascript\\e2e\\entities\\meeting\\participant\\participant.spec.ts)",
                "estack": "Error: Timeout of 2000ms exceeded. For async tests and hooks, ensure \"done()\" is called; if returning a Promise, ensure it resolves. (C:\\Users\\mannirwa\\Desktop\\clean\\final-jhipster\\ui\\src\\test\\javascript\\e2e\\entities\\meeting\\participant\\participant.spec.ts)",
                "diff": null
              },
              "uuid": "5ba92072-3d7f-45ef-9c4a-d3d1acc32f36",
              "parentUUID": "da3bac50-d1e3-44d8-9d6b-6e9d3fb99914",
              "isHook": true,
              "skipped": false
            }
          ],
          "afterHooks": [
            {
              "title": "\"after all\" hook: ret for \"should delete last Participant\"",
              "fullTitle": "Participant e2e test \"after all\" hook: ret for \"should delete last Participant\"",
              "timedOut": false,
              "duration": 0,
              "state": "failed",
              "speed": null,
              "pass": false,
              "fail": true,
              "pending": false,
              "context": null,
              "code": "tslib_1.__awaiter(this, void 0, void 0, function* () {\n        yield navBarPage.autoSignOut();\n    })",
              "err": {
                "message": "TypeError: Cannot read property 'autoSignOut' of undefined",
                "estack": "TypeError: Cannot read property 'autoSignOut' of undefined\n    at Object.<anonymous> (src\\test\\javascript\\e2e\\entities\\meeting\\participant\\participant.spec.ts:70:26)\n    at Generator.next (<anonymous>)\n    at C:\\Users\\mannirwa\\Desktop\\clean\\final-jhipster\\ui\\node_modules\\tslib\\tslib.js:107:75\n    at new Promise (<anonymous>)\n    at Object.__awaiter (node_modules\\tslib\\tslib.js:103:16)\n    at Context.after (src\\test\\javascript\\e2e\\entities\\meeting\\participant\\participant.spec.ts:69:25)\n    at runTest (node_modules\\selenium-webdriver\\testing\\index.js:163:22)\n    at new Promise (<anonymous>)\n    at Context.ret (node_modules\\selenium-webdriver\\testing\\index.js:171:7)",
                "diff": null
              },
              "uuid": "05207231-71e9-4a79-8ca9-1f02ffde1957",
              "parentUUID": "da3bac50-d1e3-44d8-9d6b-6e9d3fb99914",
              "isHook": true,
              "skipped": false
            }
          ],
          "tests": [
            {
              "title": "should load Participants",
              "fullTitle": "Participant e2e test should load Participants",
              "timedOut": false,
              "duration": 0,
              "state": null,
              "speed": null,
              "pass": false,
              "fail": false,
              "pending": false,
              "context": null,
              "code": "tslib_1.__awaiter(this, void 0, void 0, function* () {\n        yield navBarPage.getEntityPage('participant');\n        participantComponentsPage = new participant_page_object_1.default();\n        expect(yield participantComponentsPage.getTitle().getText()).to.match(/Participants/);\n    })",
              "err": {},
              "uuid": "35c34586-ab54-4956-ad79-2e1e1b079d47",
              "parentUUID": "da3bac50-d1e3-44d8-9d6b-6e9d3fb99914",
              "isHook": false,
              "skipped": true
            },
            {
              "title": "should load create Participant page",
              "fullTitle": "Participant e2e test should load create Participant page",
              "timedOut": false,
              "duration": 0,
              "state": null,
              "speed": null,
              "pass": false,
              "fail": false,
              "pending": false,
              "context": null,
              "code": "tslib_1.__awaiter(this, void 0, void 0, function* () {\n        yield participantComponentsPage.clickOnCreateButton();\n        participantUpdatePage = new participant_update_page_object_1.default();\n        expect(yield participantUpdatePage.getPageTitle().getAttribute('id')).to.match(/uiApp.meetingParticipant.home.createOrEditLabel/);\n        yield participantUpdatePage.cancel();\n    })",
              "err": {},
              "uuid": "653cfbe8-8805-4963-af72-e8b86b6eda2a",
              "parentUUID": "da3bac50-d1e3-44d8-9d6b-6e9d3fb99914",
              "isHook": false,
              "skipped": true
            },
            {
              "title": "should create and save Participants",
              "fullTitle": "Participant e2e test should create and save Participants",
              "timedOut": false,
              "duration": 0,
              "state": null,
              "speed": null,
              "pass": false,
              "fail": false,
              "pending": false,
              "context": null,
              "code": "tslib_1.__awaiter(this, void 0, void 0, function* () {\n        function createParticipant() {\n            return tslib_1.__awaiter(this, void 0, void 0, function* () {\n                yield participantComponentsPage.clickOnCreateButton();\n                yield participantUpdatePage.setEmailInput('email');\n                expect(yield participantUpdatePage.getEmailInput()).to.match(/email/);\n                yield utils_1.waitUntilDisplayed(participantUpdatePage.getSaveButton());\n                yield participantUpdatePage.save();\n                yield utils_1.waitUntilHidden(participantUpdatePage.getSaveButton());\n                expect(yield participantUpdatePage.getSaveButton().isPresent()).to.be.false;\n            });\n        }\n        yield createParticipant();\n        yield participantComponentsPage.waitUntilLoaded();\n        const nbButtonsBeforeCreate = yield participantComponentsPage.countDeleteButtons();\n        yield createParticipant();\n        yield participantComponentsPage.waitUntilDeleteButtonsLength(nbButtonsBeforeCreate + 1);\n        expect(yield participantComponentsPage.countDeleteButtons()).to.eq(nbButtonsBeforeCreate + 1);\n    })",
              "err": {},
              "uuid": "b6b1d036-e0a6-4e2a-a9f5-5b832f81de52",
              "parentUUID": "da3bac50-d1e3-44d8-9d6b-6e9d3fb99914",
              "isHook": false,
              "skipped": true
            },
            {
              "title": "should delete last Participant",
              "fullTitle": "Participant e2e test should delete last Participant",
              "timedOut": false,
              "duration": 0,
              "state": null,
              "speed": null,
              "pass": false,
              "fail": false,
              "pending": false,
              "context": null,
              "code": "tslib_1.__awaiter(this, void 0, void 0, function* () {\n        yield participantComponentsPage.waitUntilLoaded();\n        const nbButtonsBeforeDelete = yield participantComponentsPage.countDeleteButtons();\n        yield participantComponentsPage.clickOnLastDeleteButton();\n        const deleteModal = protractor_1.element(protractor_1.by.className('modal'));\n        yield utils_1.waitUntilDisplayed(deleteModal);\n        participantDeleteDialog = new participant_page_object_1.ParticipantDeleteDialog();\n        expect(yield participantDeleteDialog.getDialogTitle().getAttribute('id')).to.match(/uiApp.meetingParticipant.delete.question/);\n        yield participantDeleteDialog.clickOnConfirmButton();\n        yield participantComponentsPage.waitUntilDeleteButtonsLength(nbButtonsBeforeDelete - 1);\n        expect(yield participantComponentsPage.countDeleteButtons()).to.eq(nbButtonsBeforeDelete - 1);\n    })",
              "err": {},
              "uuid": "ef282f30-d1ce-4602-b07a-20d0fc2bea5d",
              "parentUUID": "da3bac50-d1e3-44d8-9d6b-6e9d3fb99914",
              "isHook": false,
              "skipped": true
            }
          ],
          "suites": [],
          "passes": [],
          "failures": [],
          "pending": [],
          "skipped": [
            "35c34586-ab54-4956-ad79-2e1e1b079d47",
            "653cfbe8-8805-4963-af72-e8b86b6eda2a",
            "b6b1d036-e0a6-4e2a-a9f5-5b832f81de52",
            "ef282f30-d1ce-4602-b07a-20d0fc2bea5d"
          ],
          "duration": 0,
          "root": false,
          "rootEmpty": false,
          "_timeout": 2000
        },
        {
          "uuid": "78f27c57-58d0-4c4a-a8f3-62eecf277a0c",
          "title": "Notification e2e test",
          "fullFile": "C:\\Users\\mannirwa\\Desktop\\clean\\final-jhipster\\ui\\src\\test\\javascript\\e2e\\entities\\notification\\notification\\notification.spec.ts",
          "file": "\\src\\test\\javascript\\e2e\\entities\\notification\\notification\\notification.spec.ts",
          "beforeHooks": [
            {
              "title": "\"before all\" hook: ret for \"should load Notifications\"",
              "fullTitle": "Notification e2e test \"before all\" hook: ret for \"should load Notifications\"",
              "timedOut": true,
              "duration": 2000,
              "state": "failed",
              "speed": null,
              "pass": false,
              "fail": true,
              "pending": false,
              "context": null,
              "code": "tslib_1.__awaiter(this, void 0, void 0, function* () {\n        yield protractor_1.browser.get('/');\n        navBarPage = new navbar_page_1.default();\n        signInPage = yield navBarPage.getSignInPage();\n        yield signInPage.waitUntilDisplayed();\n        yield signInPage.username.sendKeys('admin');\n        yield signInPage.password.sendKeys('admin');\n        yield signInPage.loginButton.click();\n        yield signInPage.waitUntilHidden();\n        yield utils_1.waitUntilDisplayed(navBarPage.entityMenu);\n    })",
              "err": {
                "message": "Error: Timeout of 2000ms exceeded. For async tests and hooks, ensure \"done()\" is called; if returning a Promise, ensure it resolves. (C:\\Users\\mannirwa\\Desktop\\clean\\final-jhipster\\ui\\src\\test\\javascript\\e2e\\entities\\notification\\notification\\notification.spec.ts)",
                "estack": "Error: Timeout of 2000ms exceeded. For async tests and hooks, ensure \"done()\" is called; if returning a Promise, ensure it resolves. (C:\\Users\\mannirwa\\Desktop\\clean\\final-jhipster\\ui\\src\\test\\javascript\\e2e\\entities\\notification\\notification\\notification.spec.ts)",
                "diff": null
              },
              "uuid": "5f70d6a4-715e-415a-af5c-cca3baed87e7",
              "parentUUID": "78f27c57-58d0-4c4a-a8f3-62eecf277a0c",
              "isHook": true,
              "skipped": false
            }
          ],
          "afterHooks": [
            {
              "title": "\"after all\" hook: ret for \"should delete last Notification\"",
              "fullTitle": "Notification e2e test \"after all\" hook: ret for \"should delete last Notification\"",
              "timedOut": false,
              "duration": 0,
              "state": "failed",
              "speed": null,
              "pass": false,
              "fail": true,
              "pending": false,
              "context": null,
              "code": "tslib_1.__awaiter(this, void 0, void 0, function* () {\n        yield navBarPage.autoSignOut();\n    })",
              "err": {
                "message": "TypeError: Cannot read property 'autoSignOut' of undefined",
                "estack": "TypeError: Cannot read property 'autoSignOut' of undefined\n    at Object.<anonymous> (src\\test\\javascript\\e2e\\entities\\notification\\notification\\notification.spec.ts:79:26)\n    at Generator.next (<anonymous>)\n    at C:\\Users\\mannirwa\\Desktop\\clean\\final-jhipster\\ui\\node_modules\\tslib\\tslib.js:107:75\n    at new Promise (<anonymous>)\n    at Object.__awaiter (node_modules\\tslib\\tslib.js:103:16)\n    at Context.after (src\\test\\javascript\\e2e\\entities\\notification\\notification\\notification.spec.ts:78:25)\n    at runTest (node_modules\\selenium-webdriver\\testing\\index.js:163:22)\n    at new Promise (<anonymous>)\n    at Context.ret (node_modules\\selenium-webdriver\\testing\\index.js:171:7)",
                "diff": null
              },
              "uuid": "0941bfa4-68b0-462c-aa0b-4233667be19c",
              "parentUUID": "78f27c57-58d0-4c4a-a8f3-62eecf277a0c",
              "isHook": true,
              "skipped": false
            }
          ],
          "tests": [
            {
              "title": "should load Notifications",
              "fullTitle": "Notification e2e test should load Notifications",
              "timedOut": false,
              "duration": 0,
              "state": null,
              "speed": null,
              "pass": false,
              "fail": false,
              "pending": false,
              "context": null,
              "code": "tslib_1.__awaiter(this, void 0, void 0, function* () {\n        yield navBarPage.getEntityPage('notification');\n        notificationComponentsPage = new notification_page_object_1.default();\n        expect(yield notificationComponentsPage.getTitle().getText()).to.match(/Notifications/);\n    })",
              "err": {},
              "uuid": "e23920fa-18f4-4726-bc9a-ef6e673446cd",
              "parentUUID": "78f27c57-58d0-4c4a-a8f3-62eecf277a0c",
              "isHook": false,
              "skipped": true
            },
            {
              "title": "should load create Notification page",
              "fullTitle": "Notification e2e test should load create Notification page",
              "timedOut": false,
              "duration": 0,
              "state": null,
              "speed": null,
              "pass": false,
              "fail": false,
              "pending": false,
              "context": null,
              "code": "tslib_1.__awaiter(this, void 0, void 0, function* () {\n        yield notificationComponentsPage.clickOnCreateButton();\n        notificationUpdatePage = new notification_update_page_object_1.default();\n        expect(yield notificationUpdatePage.getPageTitle().getAttribute('id')).to.match(/uiApp.notificationNotification.home.createOrEditLabel/);\n        yield notificationUpdatePage.cancel();\n    })",
              "err": {},
              "uuid": "cc0c9608-9c72-46a3-b564-b55c9a421f4e",
              "parentUUID": "78f27c57-58d0-4c4a-a8f3-62eecf277a0c",
              "isHook": false,
              "skipped": true
            },
            {
              "title": "should create and save Notifications",
              "fullTitle": "Notification e2e test should create and save Notifications",
              "timedOut": false,
              "duration": 0,
              "state": null,
              "speed": null,
              "pass": false,
              "fail": false,
              "pending": false,
              "context": null,
              "code": "tslib_1.__awaiter(this, void 0, void 0, function* () {\n        function createNotification() {\n            return tslib_1.__awaiter(this, void 0, void 0, function* () {\n                yield notificationComponentsPage.clickOnCreateButton();\n                yield notificationUpdatePage.setDateInput('01/01/2001' + protractor_1.protractor.Key.TAB + '02:30AM');\n                expect(yield notificationUpdatePage.getDateInput()).to.contain('2001-01-01T02:30');\n                yield notificationUpdatePage.setDetailsInput('details');\n                expect(yield notificationUpdatePage.getDetailsInput()).to.match(/details/);\n                yield notificationUpdatePage.setSentDateInput('01/01/2001' + protractor_1.protractor.Key.TAB + '02:30AM');\n                expect(yield notificationUpdatePage.getSentDateInput()).to.contain('2001-01-01T02:30');\n                yield notificationUpdatePage.formatSelectLastOption();\n                yield notificationUpdatePage.setUserIdInput('5');\n                expect(yield notificationUpdatePage.getUserIdInput()).to.eq('5');\n                yield notificationUpdatePage.setProductIdInput('5');\n                expect(yield notificationUpdatePage.getProductIdInput()).to.eq('5');\n                yield utils_1.waitUntilDisplayed(notificationUpdatePage.getSaveButton());\n                yield notificationUpdatePage.save();\n                yield utils_1.waitUntilHidden(notificationUpdatePage.getSaveButton());\n                expect(yield notificationUpdatePage.getSaveButton().isPresent()).to.be.false;\n            });\n        }\n        yield createNotification();\n        yield notificationComponentsPage.waitUntilLoaded();\n        const nbButtonsBeforeCreate = yield notificationComponentsPage.countDeleteButtons();\n        yield createNotification();\n        yield notificationComponentsPage.waitUntilDeleteButtonsLength(nbButtonsBeforeCreate + 1);\n        expect(yield notificationComponentsPage.countDeleteButtons()).to.eq(nbButtonsBeforeCreate + 1);\n    })",
              "err": {},
              "uuid": "b3c61966-d875-492a-8f50-699896c63559",
              "parentUUID": "78f27c57-58d0-4c4a-a8f3-62eecf277a0c",
              "isHook": false,
              "skipped": true
            },
            {
              "title": "should delete last Notification",
              "fullTitle": "Notification e2e test should delete last Notification",
              "timedOut": false,
              "duration": 0,
              "state": null,
              "speed": null,
              "pass": false,
              "fail": false,
              "pending": false,
              "context": null,
              "code": "tslib_1.__awaiter(this, void 0, void 0, function* () {\n        yield notificationComponentsPage.waitUntilLoaded();\n        const nbButtonsBeforeDelete = yield notificationComponentsPage.countDeleteButtons();\n        yield notificationComponentsPage.clickOnLastDeleteButton();\n        const deleteModal = protractor_1.element(protractor_1.by.className('modal'));\n        yield utils_1.waitUntilDisplayed(deleteModal);\n        notificationDeleteDialog = new notification_page_object_1.NotificationDeleteDialog();\n        expect(yield notificationDeleteDialog.getDialogTitle().getAttribute('id')).to.match(/uiApp.notificationNotification.delete.question/);\n        yield notificationDeleteDialog.clickOnConfirmButton();\n        yield notificationComponentsPage.waitUntilDeleteButtonsLength(nbButtonsBeforeDelete - 1);\n        expect(yield notificationComponentsPage.countDeleteButtons()).to.eq(nbButtonsBeforeDelete - 1);\n    })",
              "err": {},
              "uuid": "697d3d93-7f0f-41f6-acce-613377255838",
              "parentUUID": "78f27c57-58d0-4c4a-a8f3-62eecf277a0c",
              "isHook": false,
              "skipped": true
            }
          ],
          "suites": [],
          "passes": [],
          "failures": [],
          "pending": [],
          "skipped": [
            "e23920fa-18f4-4726-bc9a-ef6e673446cd",
            "cc0c9608-9c72-46a3-b564-b55c9a421f4e",
            "b3c61966-d875-492a-8f50-699896c63559",
            "697d3d93-7f0f-41f6-acce-613377255838"
          ],
          "duration": 0,
          "root": false,
          "rootEmpty": false,
          "_timeout": 2000
        },
        {
          "uuid": "a27b40ea-bffc-4f4f-a948-f7e405ec045b",
          "title": "Department e2e test",
          "fullFile": "C:\\Users\\mannirwa\\Desktop\\clean\\final-jhipster\\ui\\src\\test\\javascript\\e2e\\entities\\organization\\department\\department.spec.ts",
          "file": "\\src\\test\\javascript\\e2e\\entities\\organization\\department\\department.spec.ts",
          "beforeHooks": [
            {
              "title": "\"before all\" hook: ret for \"should load Departments\"",
              "fullTitle": "Department e2e test \"before all\" hook: ret for \"should load Departments\"",
              "timedOut": true,
              "duration": 2001,
              "state": "failed",
              "speed": null,
              "pass": false,
              "fail": true,
              "pending": false,
              "context": null,
              "code": "tslib_1.__awaiter(this, void 0, void 0, function* () {\n        yield protractor_1.browser.get('/');\n        navBarPage = new navbar_page_1.default();\n        signInPage = yield navBarPage.getSignInPage();\n        yield signInPage.waitUntilDisplayed();\n        yield signInPage.username.sendKeys('admin');\n        yield signInPage.password.sendKeys('admin');\n        yield signInPage.loginButton.click();\n        yield signInPage.waitUntilHidden();\n        yield utils_1.waitUntilDisplayed(navBarPage.entityMenu);\n    })",
              "err": {
                "message": "Error: Timeout of 2000ms exceeded. For async tests and hooks, ensure \"done()\" is called; if returning a Promise, ensure it resolves. (C:\\Users\\mannirwa\\Desktop\\clean\\final-jhipster\\ui\\src\\test\\javascript\\e2e\\entities\\organization\\department\\department.spec.ts)",
                "estack": "Error: Timeout of 2000ms exceeded. For async tests and hooks, ensure \"done()\" is called; if returning a Promise, ensure it resolves. (C:\\Users\\mannirwa\\Desktop\\clean\\final-jhipster\\ui\\src\\test\\javascript\\e2e\\entities\\organization\\department\\department.spec.ts)",
                "diff": null
              },
              "uuid": "3082c35a-500d-48fb-9357-052cc28df77c",
              "parentUUID": "a27b40ea-bffc-4f4f-a948-f7e405ec045b",
              "isHook": true,
              "skipped": false
            }
          ],
          "afterHooks": [
            {
              "title": "\"after all\" hook: ret for \"should delete last Department\"",
              "fullTitle": "Department e2e test \"after all\" hook: ret for \"should delete last Department\"",
              "timedOut": false,
              "duration": 1,
              "state": "failed",
              "speed": null,
              "pass": false,
              "fail": true,
              "pending": false,
              "context": null,
              "code": "tslib_1.__awaiter(this, void 0, void 0, function* () {\n        yield navBarPage.autoSignOut();\n    })",
              "err": {
                "message": "TypeError: Cannot read property 'autoSignOut' of undefined",
                "estack": "TypeError: Cannot read property 'autoSignOut' of undefined\n    at Object.<anonymous> (src\\test\\javascript\\e2e\\entities\\organization\\department\\department.spec.ts:72:26)\n    at Generator.next (<anonymous>)\n    at C:\\Users\\mannirwa\\Desktop\\clean\\final-jhipster\\ui\\node_modules\\tslib\\tslib.js:107:75\n    at new Promise (<anonymous>)\n    at Object.__awaiter (node_modules\\tslib\\tslib.js:103:16)\n    at Context.after (src\\test\\javascript\\e2e\\entities\\organization\\department\\department.spec.ts:71:25)\n    at runTest (node_modules\\selenium-webdriver\\testing\\index.js:163:22)\n    at new Promise (<anonymous>)\n    at Context.ret (node_modules\\selenium-webdriver\\testing\\index.js:171:7)",
                "diff": null
              },
              "uuid": "71d8634b-043e-4440-8a73-b70b991cafd0",
              "parentUUID": "a27b40ea-bffc-4f4f-a948-f7e405ec045b",
              "isHook": true,
              "skipped": false
            }
          ],
          "tests": [
            {
              "title": "should load Departments",
              "fullTitle": "Department e2e test should load Departments",
              "timedOut": false,
              "duration": 0,
              "state": null,
              "speed": null,
              "pass": false,
              "fail": false,
              "pending": false,
              "context": null,
              "code": "tslib_1.__awaiter(this, void 0, void 0, function* () {\n        yield navBarPage.getEntityPage('department');\n        departmentComponentsPage = new department_page_object_1.default();\n        expect(yield departmentComponentsPage.getTitle().getText()).to.match(/Departments/);\n    })",
              "err": {},
              "uuid": "22b44d97-53fa-4366-87f7-353a2440a62a",
              "parentUUID": "a27b40ea-bffc-4f4f-a948-f7e405ec045b",
              "isHook": false,
              "skipped": true
            },
            {
              "title": "should load create Department page",
              "fullTitle": "Department e2e test should load create Department page",
              "timedOut": false,
              "duration": 0,
              "state": null,
              "speed": null,
              "pass": false,
              "fail": false,
              "pending": false,
              "context": null,
              "code": "tslib_1.__awaiter(this, void 0, void 0, function* () {\n        yield departmentComponentsPage.clickOnCreateButton();\n        departmentUpdatePage = new department_update_page_object_1.default();\n        expect(yield departmentUpdatePage.getPageTitle().getAttribute('id')).to.match(/uiApp.organizationDepartment.home.createOrEditLabel/);\n        yield departmentUpdatePage.cancel();\n    })",
              "err": {},
              "uuid": "9366122f-2e2f-4309-b6c6-aa00fd654efc",
              "parentUUID": "a27b40ea-bffc-4f4f-a948-f7e405ec045b",
              "isHook": false,
              "skipped": true
            },
            {
              "title": "should create and save Departments",
              "fullTitle": "Department e2e test should create and save Departments",
              "timedOut": false,
              "duration": 0,
              "state": null,
              "speed": null,
              "pass": false,
              "fail": false,
              "pending": false,
              "context": null,
              "code": "tslib_1.__awaiter(this, void 0, void 0, function* () {\n        function createDepartment() {\n            return tslib_1.__awaiter(this, void 0, void 0, function* () {\n                yield departmentComponentsPage.clickOnCreateButton();\n                yield departmentUpdatePage.setCodeInput('code');\n                expect(yield departmentUpdatePage.getCodeInput()).to.match(/code/);\n                yield departmentUpdatePage.setNameInput('name');\n                expect(yield departmentUpdatePage.getNameInput()).to.match(/name/);\n                yield utils_1.waitUntilDisplayed(departmentUpdatePage.getSaveButton());\n                yield departmentUpdatePage.save();\n                yield utils_1.waitUntilHidden(departmentUpdatePage.getSaveButton());\n                expect(yield departmentUpdatePage.getSaveButton().isPresent()).to.be.false;\n            });\n        }\n        yield createDepartment();\n        yield departmentComponentsPage.waitUntilLoaded();\n        const nbButtonsBeforeCreate = yield departmentComponentsPage.countDeleteButtons();\n        yield createDepartment();\n        yield departmentComponentsPage.waitUntilDeleteButtonsLength(nbButtonsBeforeCreate + 1);\n        expect(yield departmentComponentsPage.countDeleteButtons()).to.eq(nbButtonsBeforeCreate + 1);\n    })",
              "err": {},
              "uuid": "bcdb8719-a093-455d-9ee6-7c67f21471a8",
              "parentUUID": "a27b40ea-bffc-4f4f-a948-f7e405ec045b",
              "isHook": false,
              "skipped": true
            },
            {
              "title": "should delete last Department",
              "fullTitle": "Department e2e test should delete last Department",
              "timedOut": false,
              "duration": 0,
              "state": null,
              "speed": null,
              "pass": false,
              "fail": false,
              "pending": false,
              "context": null,
              "code": "tslib_1.__awaiter(this, void 0, void 0, function* () {\n        yield departmentComponentsPage.waitUntilLoaded();\n        const nbButtonsBeforeDelete = yield departmentComponentsPage.countDeleteButtons();\n        yield departmentComponentsPage.clickOnLastDeleteButton();\n        const deleteModal = protractor_1.element(protractor_1.by.className('modal'));\n        yield utils_1.waitUntilDisplayed(deleteModal);\n        departmentDeleteDialog = new department_page_object_1.DepartmentDeleteDialog();\n        expect(yield departmentDeleteDialog.getDialogTitle().getAttribute('id')).to.match(/uiApp.organizationDepartment.delete.question/);\n        yield departmentDeleteDialog.clickOnConfirmButton();\n        yield departmentComponentsPage.waitUntilDeleteButtonsLength(nbButtonsBeforeDelete - 1);\n        expect(yield departmentComponentsPage.countDeleteButtons()).to.eq(nbButtonsBeforeDelete - 1);\n    })",
              "err": {},
              "uuid": "1bcebb16-3d4c-4b3f-80e6-bacdcb8c9668",
              "parentUUID": "a27b40ea-bffc-4f4f-a948-f7e405ec045b",
              "isHook": false,
              "skipped": true
            }
          ],
          "suites": [],
          "passes": [],
          "failures": [],
          "pending": [],
          "skipped": [
            "22b44d97-53fa-4366-87f7-353a2440a62a",
            "9366122f-2e2f-4309-b6c6-aa00fd654efc",
            "bcdb8719-a093-455d-9ee6-7c67f21471a8",
            "1bcebb16-3d4c-4b3f-80e6-bacdcb8c9668"
          ],
          "duration": 0,
          "root": false,
          "rootEmpty": false,
          "_timeout": 2000
        },
        {
          "uuid": "7b3e883c-aec5-4b49-b92a-beba65d16616",
          "title": "Employee e2e test",
          "fullFile": "C:\\Users\\mannirwa\\Desktop\\clean\\final-jhipster\\ui\\src\\test\\javascript\\e2e\\entities\\organization\\employee\\employee.spec.ts",
          "file": "\\src\\test\\javascript\\e2e\\entities\\organization\\employee\\employee.spec.ts",
          "beforeHooks": [
            {
              "title": "\"before all\" hook: ret for \"should load Employees\"",
              "fullTitle": "Employee e2e test \"before all\" hook: ret for \"should load Employees\"",
              "timedOut": true,
              "duration": 2001,
              "state": "failed",
              "speed": null,
              "pass": false,
              "fail": true,
              "pending": false,
              "context": null,
              "code": "tslib_1.__awaiter(this, void 0, void 0, function* () {\n        yield protractor_1.browser.get('/');\n        navBarPage = new navbar_page_1.default();\n        signInPage = yield navBarPage.getSignInPage();\n        yield signInPage.waitUntilDisplayed();\n        yield signInPage.username.sendKeys('admin');\n        yield signInPage.password.sendKeys('admin');\n        yield signInPage.loginButton.click();\n        yield signInPage.waitUntilHidden();\n        yield utils_1.waitUntilDisplayed(navBarPage.entityMenu);\n    })",
              "err": {
                "message": "Error: Timeout of 2000ms exceeded. For async tests and hooks, ensure \"done()\" is called; if returning a Promise, ensure it resolves. (C:\\Users\\mannirwa\\Desktop\\clean\\final-jhipster\\ui\\src\\test\\javascript\\e2e\\entities\\organization\\employee\\employee.spec.ts)",
                "estack": "Error: Timeout of 2000ms exceeded. For async tests and hooks, ensure \"done()\" is called; if returning a Promise, ensure it resolves. (C:\\Users\\mannirwa\\Desktop\\clean\\final-jhipster\\ui\\src\\test\\javascript\\e2e\\entities\\organization\\employee\\employee.spec.ts)",
                "diff": null
              },
              "uuid": "e66a009f-e28b-499f-8010-ff02b168920a",
              "parentUUID": "7b3e883c-aec5-4b49-b92a-beba65d16616",
              "isHook": true,
              "skipped": false
            }
          ],
          "afterHooks": [
            {
              "title": "\"after all\" hook: ret for \"should load create Employee page\"",
              "fullTitle": "Employee e2e test \"after all\" hook: ret for \"should load create Employee page\"",
              "timedOut": false,
              "duration": 1,
              "state": "failed",
              "speed": null,
              "pass": false,
              "fail": true,
              "pending": false,
              "context": null,
              "code": "tslib_1.__awaiter(this, void 0, void 0, function* () {\n        yield navBarPage.autoSignOut();\n    })",
              "err": {
                "message": "TypeError: Cannot read property 'autoSignOut' of undefined",
                "estack": "TypeError: Cannot read property 'autoSignOut' of undefined\n    at Object.<anonymous> (src\\test\\javascript\\e2e\\entities\\organization\\employee\\employee.spec.ts:91:26)\n    at Generator.next (<anonymous>)\n    at C:\\Users\\mannirwa\\Desktop\\clean\\final-jhipster\\ui\\node_modules\\tslib\\tslib.js:107:75\n    at new Promise (<anonymous>)\n    at Object.__awaiter (node_modules\\tslib\\tslib.js:103:16)\n    at Context.after (src\\test\\javascript\\e2e\\entities\\organization\\employee\\employee.spec.ts:90:25)\n    at runTest (node_modules\\selenium-webdriver\\testing\\index.js:163:22)\n    at new Promise (<anonymous>)\n    at Context.ret (node_modules\\selenium-webdriver\\testing\\index.js:171:7)",
                "diff": null
              },
              "uuid": "02e42951-6646-4465-a2c5-ab67bf2d540c",
              "parentUUID": "7b3e883c-aec5-4b49-b92a-beba65d16616",
              "isHook": true,
              "skipped": false
            }
          ],
          "tests": [
            {
              "title": "should load Employees",
              "fullTitle": "Employee e2e test should load Employees",
              "timedOut": false,
              "duration": 0,
              "state": null,
              "speed": null,
              "pass": false,
              "fail": false,
              "pending": false,
              "context": null,
              "code": "tslib_1.__awaiter(this, void 0, void 0, function* () {\n        yield navBarPage.getEntityPage('employee');\n        employeeComponentsPage = new employee_page_object_1.default();\n        expect(yield employeeComponentsPage.getTitle().getText()).to.match(/Employees/);\n    })",
              "err": {},
              "uuid": "34df5928-8016-4254-9bb8-2c8f2c14271c",
              "parentUUID": "7b3e883c-aec5-4b49-b92a-beba65d16616",
              "isHook": false,
              "skipped": true
            },
            {
              "title": "should load create Employee page",
              "fullTitle": "Employee e2e test should load create Employee page",
              "timedOut": false,
              "duration": 0,
              "state": null,
              "speed": null,
              "pass": false,
              "fail": false,
              "pending": false,
              "context": null,
              "code": "tslib_1.__awaiter(this, void 0, void 0, function* () {\n        yield employeeComponentsPage.clickOnCreateButton();\n        employeeUpdatePage = new employee_update_page_object_1.default();\n        expect(yield employeeUpdatePage.getPageTitle().getAttribute('id')).to.match(/uiApp.organizationEmployee.home.createOrEditLabel/);\n        yield employeeUpdatePage.cancel();\n    })",
              "err": {},
              "uuid": "d712aa69-d8d5-4044-b8f1-01d8e1ff3c37",
              "parentUUID": "7b3e883c-aec5-4b49-b92a-beba65d16616",
              "isHook": false,
              "skipped": true
            }
          ],
          "suites": [],
          "passes": [],
          "failures": [],
          "pending": [],
          "skipped": [
            "34df5928-8016-4254-9bb8-2c8f2c14271c",
            "d712aa69-d8d5-4044-b8f1-01d8e1ff3c37"
          ],
          "duration": 0,
          "root": false,
          "rootEmpty": false,
          "_timeout": 2000
        }
      ],
      "passes": [],
      "failures": [],
      "pending": [],
      "skipped": [],
      "duration": 0,
      "root": true,
      "rootEmpty": true,
      "_timeout": 2000
    }
  ],
  "meta": {
    "mocha": {
      "version": "6.1.4"
    },
    "mochawesome": {
      "options": {
        "quiet": false,
        "reportFilename": "mochawesome",
        "saveHtml": false,
        "saveJson": true,
        "consoleReporter": "spec",
        "useInlineDiffs": false
      },
      "version": "4.1.0"
    },
    "marge": {
      "options": {
        "reportDir": "mocha/reports",
        "overwrite": true,
        "html": false,
        "json": true
      },
      "version": "4.0.1"
    }
  }
}